0 info it worked if it ends with ok
1 verbose cli [ 'C:\\Program Files\\nodejs\\node.exe',
1 verbose cli   'C:\\Program Files\\nodejs\\node_modules\\npm\\bin\\npm-cli.js',
1 verbose cli   'install',
1 verbose cli   'sleep',
1 verbose cli   '--save' ]
2 info using npm@2.14.12
3 info using node@v4.2.6
4 verbose install initial load of C:\Dev\aws-lambda-sandbox\package.json
5 warn package.json feb11aws@1.0.0 No repository field.
6 verbose installManyTop reading scoped package data from C:\Dev\aws-lambda-sandbox\node_modules\path\package.json
7 verbose installManyTop reading scoped package data from C:\Dev\aws-lambda-sandbox\node_modules\phantomjs\package.json
8 info package.json path@0.12.7 path is also the name of a node core module.
9 verbose readDependencies loading dependencies from C:\Dev\aws-lambda-sandbox\package.json
10 silly cache add args [ 'sleep', null ]
11 verbose cache add spec sleep
12 silly cache add parsed spec Result {
12 silly cache add   raw: 'sleep',
12 silly cache add   scope: null,
12 silly cache add   name: 'sleep',
12 silly cache add   rawSpec: '',
12 silly cache add   spec: 'latest',
12 silly cache add   type: 'tag' }
13 silly addNamed sleep@latest
14 verbose addNamed "latest" is being treated as a dist-tag for sleep
15 info addNameTag [ 'sleep', 'latest' ]
16 silly mapToRegistry name sleep
17 silly mapToRegistry using default registry
18 silly mapToRegistry registry https://registry.npmjs.org/
19 silly mapToRegistry uri https://registry.npmjs.org/sleep
20 verbose addNameTag registry:https://registry.npmjs.org/sleep not in flight; fetching
21 verbose request uri https://registry.npmjs.org/sleep
22 verbose request no auth needed
23 info attempt registry request try #1 at 6:27:25 PM
24 verbose request id 9850aeeb19f1100c
25 verbose etag "CXYY4X07ASNATJDUNTD4Y2ON0"
26 http request GET https://registry.npmjs.org/sleep
27 http 304 https://registry.npmjs.org/sleep
28 verbose headers { date: 'Fri, 12 Feb 2016 16:27:25 GMT',
28 verbose headers   via: '1.1 varnish',
28 verbose headers   'cache-control': 'max-age=300',
28 verbose headers   etag: '"CXYY4X07ASNATJDUNTD4Y2ON0"',
28 verbose headers   age: '256',
28 verbose headers   connection: 'keep-alive',
28 verbose headers   'x-served-by': 'cache-fra1223-FRA',
28 verbose headers   'x-cache': 'HIT',
28 verbose headers   'x-cache-hits': '1',
28 verbose headers   'x-timer': 'S1455294445.830374,VS0,VE0',
28 verbose headers   vary: 'Accept' }
29 silly get cb [ 304,
29 silly get   { date: 'Fri, 12 Feb 2016 16:27:25 GMT',
29 silly get     via: '1.1 varnish',
29 silly get     'cache-control': 'max-age=300',
29 silly get     etag: '"CXYY4X07ASNATJDUNTD4Y2ON0"',
29 silly get     age: '256',
29 silly get     connection: 'keep-alive',
29 silly get     'x-served-by': 'cache-fra1223-FRA',
29 silly get     'x-cache': 'HIT',
29 silly get     'x-cache-hits': '1',
29 silly get     'x-timer': 'S1455294445.830374,VS0,VE0',
29 silly get     vary: 'Accept' } ]
30 verbose etag https://registry.npmjs.org/sleep from cache
31 verbose get saving sleep to C:\Users\y.fenyuk\AppData\Roaming\npm-cache\registry.npmjs.org\sleep\.cache.json
32 silly addNameTag next cb for sleep with tag latest
33 silly addNamed sleep@3.0.1
34 verbose addNamed "3.0.1" is a plain semver version for sleep
35 silly cache afterAdd sleep@3.0.1
36 verbose afterAdd C:\Users\y.fenyuk\AppData\Roaming\npm-cache\sleep\3.0.1\package\package.json not in flight; writing
37 verbose afterAdd C:\Users\y.fenyuk\AppData\Roaming\npm-cache\sleep\3.0.1\package\package.json written
38 verbose installMany cheerio was bundled with feb11aws@1.0.0, but wasn't found in dependencies. Trying devDependencies
39 warn installMany cheerio was bundled with feb11aws@1.0.0, but bundled package wasn't found in unpacked tree
40 verbose installMany request was bundled with feb11aws@1.0.0, but wasn't found in dependencies. Trying devDependencies
41 warn installMany request was bundled with feb11aws@1.0.0, but bundled package wasn't found in unpacked tree
42 verbose installMany mustache was bundled with feb11aws@1.0.0, but wasn't found in dependencies. Trying devDependencies
43 warn installMany mustache was bundled with feb11aws@1.0.0, but bundled package wasn't found in unpacked tree
44 verbose installMany moment was bundled with feb11aws@1.0.0, but wasn't found in dependencies. Trying devDependencies
45 warn installMany moment was bundled with feb11aws@1.0.0, but bundled package wasn't found in unpacked tree
46 silly install resolved [ { name: 'sleep',
46 silly install resolved     version: '3.0.1',
46 silly install resolved     main: 'index.js',
46 silly install resolved     description: 'Add sleep() and usleep() to nodejs',
46 silly install resolved     homepage: 'http://github.com/ErikDubbelboer/node-sleep',
46 silly install resolved     author: { name: 'Erik Dubbelboer', email: 'erik@dubbelboer.com' },
46 silly install resolved     license: 'MIT',
46 silly install resolved     engines: { node: '>=0.4.0' },
46 silly install resolved     keywords: [ 'sleep', 'usleep' ],
46 silly install resolved     repository:
46 silly install resolved      { type: 'git',
46 silly install resolved        url: 'git+https://github.com/ErikDubbelboer/node-sleep.git' },
46 silly install resolved     dependencies: { nan: '>=2.0.0' },
46 silly install resolved     gypfile: true,
46 silly install resolved     scripts: { install: 'node-gyp rebuild' },
46 silly install resolved     gitHead: 'd4824c0466f893d0142c6715acd36c47bf87fac9',
46 silly install resolved     bugs: { url: 'https://github.com/ErikDubbelboer/node-sleep/issues' },
46 silly install resolved     _id: 'sleep@3.0.1',
46 silly install resolved     _shasum: 'be4d17c579360e07e04ed8172ba2b10a69054df3',
46 silly install resolved     _from: 'sleep@latest',
46 silly install resolved     _npmVersion: '2.14.12',
46 silly install resolved     _nodeVersion: '4.2.4',
46 silly install resolved     _npmUser: { name: 'erikdubbelboer', email: 'erik@dubbelboer.com' },
46 silly install resolved     maintainers: [ [Object] ],
46 silly install resolved     dist:
46 silly install resolved      { shasum: 'be4d17c579360e07e04ed8172ba2b10a69054df3',
46 silly install resolved        tarball: 'http://registry.npmjs.org/sleep/-/sleep-3.0.1.tgz' },
46 silly install resolved     _npmOperationalInternal:
46 silly install resolved      { host: 'packages-6-west.internal.npmjs.com',
46 silly install resolved        tmp: 'tmp/sleep-3.0.1.tgz_1454489151975_0.026494406163692474' },
46 silly install resolved     directories: {},
46 silly install resolved     _resolved: 'https://registry.npmjs.org/sleep/-/sleep-3.0.1.tgz',
46 silly install resolved     readme: 'ERROR: No README data found!' } ]
47 info install sleep@3.0.1 into C:\Dev\aws-lambda-sandbox
48 info installOne sleep@3.0.1
49 verbose installOne of sleep to C:\Dev\aws-lambda-sandbox not in flight; installing
50 verbose lock using C:\Users\y.fenyuk\AppData\Roaming\npm-cache\_locks\sleep-32110f905095cc0a.lock for C:\Dev\aws-lambda-sandbox\node_modules\sleep
51 silly install write writing sleep 3.0.1 to C:\Dev\aws-lambda-sandbox\node_modules\sleep
52 verbose unbuild node_modules\sleep
53 silly gentlyRm C:\Dev\aws-lambda-sandbox\node_modules\sleep is being purged from base C:\Dev\aws-lambda-sandbox
54 verbose gentlyRm don't care about contents; nuking C:\Dev\aws-lambda-sandbox\node_modules\sleep
55 verbose tar unpack C:\Users\y.fenyuk\AppData\Roaming\npm-cache\sleep\3.0.1\package.tgz
56 verbose tar unpacking to C:\Dev\aws-lambda-sandbox\node_modules\sleep
57 silly gentlyRm C:\Dev\aws-lambda-sandbox\node_modules\sleep is being purged
58 verbose gentlyRm don't care about contents; nuking C:\Dev\aws-lambda-sandbox\node_modules\sleep
59 silly gunzTarPerm modes [ '777', '666' ]
60 silly gunzTarPerm extractEntry package.json
61 silly gunzTarPerm modified mode [ 'package.json', 436, 438 ]
62 silly gunzTarPerm extractEntry .npmignore
63 silly gunzTarPerm modified mode [ '.npmignore', 436, 438 ]
64 silly gunzTarPerm extractEntry README.md
65 silly gunzTarPerm modified mode [ 'README.md', 436, 438 ]
66 silly gunzTarPerm extractEntry index.js
67 silly gunzTarPerm modified mode [ 'index.js', 436, 438 ]
68 silly gunzTarPerm extractEntry test.js
69 silly gunzTarPerm modified mode [ 'test.js', 436, 438 ]
70 silly gunzTarPerm extractEntry LICENSE.txt
71 silly gunzTarPerm modified mode [ 'LICENSE.txt', 436, 438 ]
72 silly gunzTarPerm extractEntry binding.gyp
73 silly gunzTarPerm modified mode [ 'binding.gyp', 436, 438 ]
74 silly gunzTarPerm extractEntry sleep.cc
75 silly gunzTarPerm modified mode [ 'sleep.cc', 436, 438 ]
76 verbose write writing to C:\Dev\aws-lambda-sandbox\node_modules\sleep\package.json
77 info preinstall sleep@3.0.1
78 verbose readDependencies loading dependencies from C:\Dev\aws-lambda-sandbox\node_modules\sleep\package.json
79 silly prepareForInstallMany adding nan@>=2.0.0 from sleep dependencies
80 verbose readDependencies loading dependencies from C:\Dev\aws-lambda-sandbox\node_modules\sleep\package.json
81 silly cache add args [ 'nan@>=2.0.0', null ]
82 verbose cache add spec nan@>=2.0.0
83 silly cache add parsed spec Result {
83 silly cache add   raw: 'nan@>=2.0.0',
83 silly cache add   scope: null,
83 silly cache add   name: 'nan',
83 silly cache add   rawSpec: '>=2.0.0',
83 silly cache add   spec: '>=2.0.0',
83 silly cache add   type: 'range' }
84 silly addNamed nan@>=2.0.0
85 verbose addNamed ">=2.0.0" is a valid semver range for nan
86 silly addNameRange { name: 'nan', range: '>=2.0.0', hasData: false }
87 silly mapToRegistry name nan
88 silly mapToRegistry using default registry
89 silly mapToRegistry registry https://registry.npmjs.org/
90 silly mapToRegistry uri https://registry.npmjs.org/nan
91 verbose addNameRange registry:https://registry.npmjs.org/nan not in flight; fetching
92 verbose request uri https://registry.npmjs.org/nan
93 verbose request no auth needed
94 info attempt registry request try #1 at 6:27:26 PM
95 verbose etag "7Y2U1A5TWU1O0YTKGMD4FB8ZN"
96 http request GET https://registry.npmjs.org/nan
97 http 304 https://registry.npmjs.org/nan
98 verbose headers { date: 'Fri, 12 Feb 2016 16:27:26 GMT',
98 verbose headers   via: '1.1 varnish',
98 verbose headers   'cache-control': 'max-age=300',
98 verbose headers   etag: '"7Y2U1A5TWU1O0YTKGMD4FB8ZN"',
98 verbose headers   age: '197',
98 verbose headers   connection: 'keep-alive',
98 verbose headers   'x-served-by': 'cache-fra1230-FRA',
98 verbose headers   'x-cache': 'HIT',
98 verbose headers   'x-cache-hits': '8',
98 verbose headers   'x-timer': 'S1455294446.446976,VS0,VE0',
98 verbose headers   vary: 'Accept' }
99 silly get cb [ 304,
99 silly get   { date: 'Fri, 12 Feb 2016 16:27:26 GMT',
99 silly get     via: '1.1 varnish',
99 silly get     'cache-control': 'max-age=300',
99 silly get     etag: '"7Y2U1A5TWU1O0YTKGMD4FB8ZN"',
99 silly get     age: '197',
99 silly get     connection: 'keep-alive',
99 silly get     'x-served-by': 'cache-fra1230-FRA',
99 silly get     'x-cache': 'HIT',
99 silly get     'x-cache-hits': '8',
99 silly get     'x-timer': 'S1455294446.446976,VS0,VE0',
99 silly get     vary: 'Accept' } ]
100 verbose etag https://registry.npmjs.org/nan from cache
101 verbose get saving nan to C:\Users\y.fenyuk\AppData\Roaming\npm-cache\registry.npmjs.org\nan\.cache.json
102 silly addNameRange number 2 { name: 'nan', range: '>=2.0.0', hasData: true }
103 silly addNameRange versions [ 'nan',
103 silly addNameRange   [ '0.3.0-wip',
103 silly addNameRange     '0.3.0-wip2',
103 silly addNameRange     '0.3.0',
103 silly addNameRange     '0.3.1',
103 silly addNameRange     '0.3.2',
103 silly addNameRange     '0.4.0',
103 silly addNameRange     '0.4.1',
103 silly addNameRange     '0.4.2',
103 silly addNameRange     '0.4.3',
103 silly addNameRange     '0.4.4',
103 silly addNameRange     '0.5.0',
103 silly addNameRange     '0.5.1',
103 silly addNameRange     '0.5.2',
103 silly addNameRange     '0.6.0',
103 silly addNameRange     '0.7.0',
103 silly addNameRange     '0.7.1',
103 silly addNameRange     '0.8.0',
103 silly addNameRange     '1.0.0',
103 silly addNameRange     '1.1.0',
103 silly addNameRange     '1.1.1',
103 silly addNameRange     '1.1.2',
103 silly addNameRange     '1.2.0',
103 silly addNameRange     '1.3.0',
103 silly addNameRange     '1.4.0',
103 silly addNameRange     '1.4.1',
103 silly addNameRange     '1.5.0',
103 silly addNameRange     '1.4.2',
103 silly addNameRange     '1.4.3',
103 silly addNameRange     '1.5.1',
103 silly addNameRange     '1.5.2',
103 silly addNameRange     '1.6.0',
103 silly addNameRange     '1.5.3',
103 silly addNameRange     '1.6.1',
103 silly addNameRange     '1.6.2',
103 silly addNameRange     '1.7.0',
103 silly addNameRange     '1.8.0',
103 silly addNameRange     '1.8.1',
103 silly addNameRange     '1.8.2',
103 silly addNameRange     '1.8.3',
103 silly addNameRange     '1.8.4',
103 silly addNameRange     '1.9.0',
103 silly addNameRange     '2.0.0',
103 silly addNameRange     '2.0.1',
103 silly addNameRange     '2.0.2',
103 silly addNameRange     '2.0.3',
103 silly addNameRange     '2.0.4',
103 silly addNameRange     '2.0.5',
103 silly addNameRange     '2.0.6',
103 silly addNameRange     '2.0.7',
103 silly addNameRange     '2.0.8',
103 silly addNameRange     '2.0.9',
103 silly addNameRange     '2.1.0',
103 silly addNameRange     '2.2.0' ] ]
104 silly addNamed nan@2.2.0
105 verbose addNamed "2.2.0" is a plain semver version for nan
106 silly cache afterAdd nan@2.2.0
107 verbose afterAdd C:\Users\y.fenyuk\AppData\Roaming\npm-cache\nan\2.2.0\package\package.json not in flight; writing
108 verbose afterAdd C:\Users\y.fenyuk\AppData\Roaming\npm-cache\nan\2.2.0\package\package.json written
109 silly install resolved [ { name: 'nan',
109 silly install resolved     version: '2.2.0',
109 silly install resolved     description: 'Native Abstractions for Node.js: C++ header for Node 0.8 -> 4 compatibility',
109 silly install resolved     main: 'include_dirs.js',
109 silly install resolved     repository: { type: 'git', url: 'git://github.com/nodejs/nan.git' },
109 silly install resolved     scripts:
109 silly install resolved      { test: 'tap --gc test/js/*-test.js',
109 silly install resolved        'rebuild-tests': 'node-gyp rebuild --msvs_version=2013 --directory test',
109 silly install resolved        docs: 'doc/.build.sh' },
109 silly install resolved     contributors:
109 silly install resolved      [ [Object],
109 silly install resolved        [Object],
109 silly install resolved        [Object],
109 silly install resolved        [Object],
109 silly install resolved        [Object],
109 silly install resolved        [Object],
109 silly install resolved        [Object] ],
109 silly install resolved     devDependencies:
109 silly install resolved      { bindings: '~1.2.1',
109 silly install resolved        commander: '^2.8.1',
109 silly install resolved        glob: '^5.0.14',
109 silly install resolved        'node-gyp': '~3.0.1',
109 silly install resolved        tap: '~0.7.1',
109 silly install resolved        xtend: '~4.0.0' },
109 silly install resolved     license: 'MIT',
109 silly install resolved     bugs: { url: 'https://github.com/nodejs/nan/issues' },
109 silly install resolved     homepage: 'https://github.com/nodejs/nan#readme',
109 silly install resolved     _id: 'nan@2.2.0',
109 silly install resolved     _shasum: '779c07135629503cf6a7b7e6aab33049b3c3853c',
109 silly install resolved     _resolved: 'https://registry.npmjs.org/nan/-/nan-2.2.0.tgz',
109 silly install resolved     _from: 'nan@>=2.0.0',
109 silly install resolved     _npmVersion: '3.3.6',
109 silly install resolved     _nodeVersion: '5.0.0',
109 silly install resolved     _npmUser: { name: 'kkoopa', email: 'bbyholm@abo.fi' },
109 silly install resolved     dist:
109 silly install resolved      { shasum: '779c07135629503cf6a7b7e6aab33049b3c3853c',
109 silly install resolved        tarball: 'http://registry.npmjs.org/nan/-/nan-2.2.0.tgz' },
109 silly install resolved     maintainers: [ [Object], [Object] ],
109 silly install resolved     directories: {},
109 silly install resolved     readme: 'ERROR: No README data found!' } ]
110 info install nan@2.2.0 into C:\Dev\aws-lambda-sandbox\node_modules\sleep
111 info installOne nan@2.2.0
112 verbose installOne of nan to C:\Dev\aws-lambda-sandbox\node_modules\sleep not in flight; installing
113 verbose lock using C:\Users\y.fenyuk\AppData\Roaming\npm-cache\_locks\nan-871f151e7da7c000.lock for C:\Dev\aws-lambda-sandbox\node_modules\sleep\node_modules\nan
114 silly install write writing nan 2.2.0 to C:\Dev\aws-lambda-sandbox\node_modules\sleep\node_modules\nan
115 verbose unbuild node_modules\sleep\node_modules\nan
116 silly gentlyRm C:\Dev\aws-lambda-sandbox\node_modules\sleep\node_modules\nan is being purged from base C:\Dev\aws-lambda-sandbox
117 verbose gentlyRm don't care about contents; nuking C:\Dev\aws-lambda-sandbox\node_modules\sleep\node_modules\nan
118 verbose tar unpack C:\Users\y.fenyuk\AppData\Roaming\npm-cache\nan\2.2.0\package.tgz
119 verbose tar unpacking to C:\Dev\aws-lambda-sandbox\node_modules\sleep\node_modules\nan
120 silly gentlyRm C:\Dev\aws-lambda-sandbox\node_modules\sleep\node_modules\nan is being purged
121 verbose gentlyRm don't care about contents; nuking C:\Dev\aws-lambda-sandbox\node_modules\sleep\node_modules\nan
122 silly gunzTarPerm modes [ '777', '666' ]
123 silly gunzTarPerm extractEntry package.json
124 silly gunzTarPerm modified mode [ 'package.json', 436, 438 ]
125 silly gunzTarPerm extractEntry README.md
126 silly gunzTarPerm modified mode [ 'README.md', 436, 438 ]
127 silly gunzTarPerm extractEntry include_dirs.js
128 silly gunzTarPerm modified mode [ 'include_dirs.js', 436, 438 ]
129 silly gunzTarPerm extractEntry nan_converters.h
130 silly gunzTarPerm modified mode [ 'nan_converters.h', 436, 438 ]
131 silly gunzTarPerm extractEntry LICENSE.md
132 silly gunzTarPerm modified mode [ 'LICENSE.md', 436, 438 ]
133 silly gunzTarPerm extractEntry .dntrc
134 silly gunzTarPerm modified mode [ '.dntrc', 436, 438 ]
135 silly gunzTarPerm extractEntry appveyor.yml
136 silly gunzTarPerm modified mode [ 'appveyor.yml', 436, 438 ]
137 silly gunzTarPerm extractEntry doc/new.md
138 silly gunzTarPerm modified mode [ 'doc/new.md', 436, 438 ]
139 silly gunzTarPerm extractEntry doc/.build.sh
140 silly gunzTarPerm modified mode [ 'doc/.build.sh', 509, 511 ]
141 silly gunzTarPerm extractEntry doc/buffers.md
142 silly gunzTarPerm modified mode [ 'doc/buffers.md', 436, 438 ]
143 silly gunzTarPerm extractEntry doc/callback.md
144 silly gunzTarPerm modified mode [ 'doc/callback.md', 436, 438 ]
145 silly gunzTarPerm extractEntry doc/converters.md
146 silly gunzTarPerm modified mode [ 'doc/converters.md', 436, 438 ]
147 silly gunzTarPerm extractEntry doc/errors.md
148 silly gunzTarPerm modified mode [ 'doc/errors.md', 436, 438 ]
149 silly gunzTarPerm extractEntry doc/maybe_types.md
150 silly gunzTarPerm modified mode [ 'doc/maybe_types.md', 436, 438 ]
151 silly gunzTarPerm extractEntry doc/methods.md
152 silly gunzTarPerm modified mode [ 'doc/methods.md', 436, 438 ]
153 silly gunzTarPerm extractEntry doc/asyncworker.md
154 silly gunzTarPerm modified mode [ 'doc/asyncworker.md', 436, 438 ]
155 silly gunzTarPerm extractEntry doc/node_misc.md
156 silly gunzTarPerm modified mode [ 'doc/node_misc.md', 436, 438 ]
157 silly gunzTarPerm extractEntry doc/object_wrappers.md
158 silly gunzTarPerm modified mode [ 'doc/object_wrappers.md', 436, 438 ]
159 silly gunzTarPerm extractEntry doc/persistent.md
160 silly gunzTarPerm modified mode [ 'doc/persistent.md', 436, 438 ]
161 silly gunzTarPerm extractEntry doc/scopes.md
162 silly gunzTarPerm modified mode [ 'doc/scopes.md', 436, 438 ]
163 silly gunzTarPerm extractEntry doc/script.md
164 silly gunzTarPerm modified mode [ 'doc/script.md', 436, 438 ]
165 silly gunzTarPerm extractEntry doc/string_bytes.md
166 silly gunzTarPerm modified mode [ 'doc/string_bytes.md', 436, 438 ]
167 silly gunzTarPerm extractEntry doc/v8_internals.md
168 silly gunzTarPerm modified mode [ 'doc/v8_internals.md', 436, 438 ]
169 silly gunzTarPerm extractEntry doc/v8_misc.md
170 silly gunzTarPerm modified mode [ 'doc/v8_misc.md', 436, 438 ]
171 silly gunzTarPerm extractEntry nan.h
172 silly gunzTarPerm modified mode [ 'nan.h', 436, 438 ]
173 silly gunzTarPerm extractEntry nan_callbacks.h
174 silly gunzTarPerm modified mode [ 'nan_callbacks.h', 436, 438 ]
175 silly gunzTarPerm extractEntry nan_callbacks_12_inl.h
176 silly gunzTarPerm modified mode [ 'nan_callbacks_12_inl.h', 436, 438 ]
177 silly gunzTarPerm extractEntry nan_callbacks_pre_12_inl.h
178 silly gunzTarPerm modified mode [ 'nan_callbacks_pre_12_inl.h', 436, 438 ]
179 silly gunzTarPerm extractEntry nan_converters_43_inl.h
180 silly gunzTarPerm modified mode [ 'nan_converters_43_inl.h', 436, 438 ]
181 silly gunzTarPerm extractEntry nan_converters_pre_43_inl.h
182 silly gunzTarPerm modified mode [ 'nan_converters_pre_43_inl.h', 436, 438 ]
183 silly gunzTarPerm extractEntry nan_implementation_12_inl.h
184 silly gunzTarPerm modified mode [ 'nan_implementation_12_inl.h', 436, 438 ]
185 silly gunzTarPerm extractEntry nan_implementation_pre_12_inl.h
186 silly gunzTarPerm modified mode [ 'nan_implementation_pre_12_inl.h', 436, 438 ]
187 silly gunzTarPerm extractEntry nan_maybe_43_inl.h
188 silly gunzTarPerm modified mode [ 'nan_maybe_43_inl.h', 436, 438 ]
189 silly gunzTarPerm extractEntry nan_maybe_pre_43_inl.h
190 silly gunzTarPerm modified mode [ 'nan_maybe_pre_43_inl.h', 436, 438 ]
191 silly gunzTarPerm extractEntry nan_new.h
192 silly gunzTarPerm modified mode [ 'nan_new.h', 436, 438 ]
193 silly gunzTarPerm extractEntry nan_object_wrap.h
194 silly gunzTarPerm modified mode [ 'nan_object_wrap.h', 436, 438 ]
195 silly gunzTarPerm extractEntry nan_persistent_12_inl.h
196 silly gunzTarPerm modified mode [ 'nan_persistent_12_inl.h', 436, 438 ]
197 silly gunzTarPerm extractEntry nan_persistent_pre_12_inl.h
198 silly gunzTarPerm modified mode [ 'nan_persistent_pre_12_inl.h', 436, 438 ]
199 silly gunzTarPerm extractEntry nan_string_bytes.h
200 silly gunzTarPerm modified mode [ 'nan_string_bytes.h', 436, 438 ]
201 silly gunzTarPerm extractEntry nan_typedarray_contents.h
202 silly gunzTarPerm modified mode [ 'nan_typedarray_contents.h', 436, 438 ]
203 silly gunzTarPerm extractEntry nan_weak.h
204 silly gunzTarPerm modified mode [ 'nan_weak.h', 436, 438 ]
205 silly gunzTarPerm extractEntry CHANGELOG.md
206 silly gunzTarPerm modified mode [ 'CHANGELOG.md', 436, 438 ]
207 silly gunzTarPerm extractEntry tools/package.json
208 silly gunzTarPerm modified mode [ 'tools/package.json', 436, 438 ]
209 silly gunzTarPerm extractEntry tools/README.md
210 silly gunzTarPerm modified mode [ 'tools/README.md', 436, 438 ]
211 silly gunzTarPerm extractEntry tools/1to2.js
212 silly gunzTarPerm modified mode [ 'tools/1to2.js', 509, 511 ]
213 verbose write writing to C:\Dev\aws-lambda-sandbox\node_modules\sleep\node_modules\nan\package.json
214 info preinstall nan@2.2.0
215 verbose readDependencies loading dependencies from C:\Dev\aws-lambda-sandbox\node_modules\sleep\node_modules\nan\package.json
216 verbose readDependencies loading dependencies from C:\Dev\aws-lambda-sandbox\node_modules\sleep\node_modules\nan\package.json
217 silly install resolved []
218 verbose about to build C:\Dev\aws-lambda-sandbox\node_modules\sleep\node_modules\nan
219 info build C:\Dev\aws-lambda-sandbox\node_modules\sleep\node_modules\nan
220 info linkStuff nan@2.2.0
221 silly linkStuff nan@2.2.0 has C:\Dev\aws-lambda-sandbox\node_modules\sleep\node_modules as its parent node_modules
222 verbose linkBins nan@2.2.0
223 verbose linkMans nan@2.2.0
224 verbose rebuildBundles nan@2.2.0
225 info install nan@2.2.0
226 info postinstall nan@2.2.0
227 verbose unlock done using C:\Users\y.fenyuk\AppData\Roaming\npm-cache\_locks\nan-871f151e7da7c000.lock for C:\Dev\aws-lambda-sandbox\node_modules\sleep\node_modules\nan
228 verbose about to build C:\Dev\aws-lambda-sandbox\node_modules\sleep
229 info build C:\Dev\aws-lambda-sandbox\node_modules\sleep
230 info linkStuff sleep@3.0.1
231 silly linkStuff sleep@3.0.1 has C:\Dev\aws-lambda-sandbox\node_modules as its parent node_modules
232 verbose linkBins sleep@3.0.1
233 verbose linkMans sleep@3.0.1
234 verbose rebuildBundles sleep@3.0.1
235 verbose rebuildBundles [ 'nan' ]
236 info install sleep@3.0.1
237 verbose unsafe-perm in lifecycle true
238 info sleep@3.0.1 Failed to exec install script
239 verbose unlock done using C:\Users\y.fenyuk\AppData\Roaming\npm-cache\_locks\sleep-32110f905095cc0a.lock for C:\Dev\aws-lambda-sandbox\node_modules\sleep
240 verbose stack Error: sleep@3.0.1 install: `node-gyp rebuild`
240 verbose stack Exit status 1
240 verbose stack     at EventEmitter.<anonymous> (C:\Program Files\nodejs\node_modules\npm\lib\utils\lifecycle.js:214:16)
240 verbose stack     at emitTwo (events.js:87:13)
240 verbose stack     at EventEmitter.emit (events.js:172:7)
240 verbose stack     at ChildProcess.<anonymous> (C:\Program Files\nodejs\node_modules\npm\lib\utils\spawn.js:24:14)
240 verbose stack     at emitTwo (events.js:87:13)
240 verbose stack     at ChildProcess.emit (events.js:172:7)
240 verbose stack     at maybeClose (internal/child_process.js:821:16)
240 verbose stack     at Process.ChildProcess._handle.onexit (internal/child_process.js:211:5)
241 verbose pkgid sleep@3.0.1
242 verbose cwd C:\Dev\aws-lambda-sandbox
243 error Windows_NT 10.0.10586
244 error argv "C:\\Program Files\\nodejs\\node.exe" "C:\\Program Files\\nodejs\\node_modules\\npm\\bin\\npm-cli.js" "install" "sleep" "--save"
245 error node v4.2.6
246 error npm  v2.14.12
247 error code ELIFECYCLE
248 error sleep@3.0.1 install: `node-gyp rebuild`
248 error Exit status 1
249 error Failed at the sleep@3.0.1 install script 'node-gyp rebuild'.
249 error This is most likely a problem with the sleep package,
249 error not with npm itself.
249 error Tell the author that this fails on your system:
249 error     node-gyp rebuild
249 error You can get their info via:
249 error     npm owner ls sleep
249 error There is likely additional logging output above.
250 verbose exit [ 1, true ]
251 verbose unbuild node_modules\sleep
252 info preuninstall sleep@3.0.1
253 info uninstall sleep@3.0.1
254 verbose unbuild rmStuff sleep@3.0.1 from C:\Dev\aws-lambda-sandbox\node_modules
255 info postuninstall sleep@3.0.1
256 silly gentlyRm C:\Dev\aws-lambda-sandbox\node_modules\sleep is being purged from base C:\Dev\aws-lambda-sandbox
257 verbose gentlyRm don't care about contents; nuking C:\Dev\aws-lambda-sandbox\node_modules\sleep
258 silly vacuum-fs purging C:\Dev\aws-lambda-sandbox\node_modules\sleep
259 silly vacuum-fs quitting because other entries in C:\Dev\aws-lambda-sandbox\node_modules
